
                            < M A T L A B (R) >
                  Copyright 1984-2021 The MathWorks, Inc.
             R2021a Update 1 (9.10.0.1649659) 64-bit (glnxa64)
                               April 13, 2021

 
To get started, type doc.
For product information, visit www.mathworks.com.
 
********************************************************************
2D Phase-field Neuron Growth solver using IGA-Collocation
********************************************************************
 Simulation Parameter Initialization - Done!
Iterating Variable Initialization - Done!
********************************************************************
Neuron Growth Stage Variable Initialization - Done!
********************************************************************
Starting Neuron Growth Model transient iterations...
Progress: 33550/35000
Elapsed time is 816.553102 seconds.
Progress: 33600/35000
Elapsed time is 1650.841612 seconds.
Progress: 33650/35000
Elapsed time is 2487.536752 seconds.
Progress: 33700/35000
Elapsed time is 3323.134656 seconds.
Progress: 33750/35000
Elapsed time is 4159.012011 seconds.
Progress: 33800/35000
Elapsed time is 4984.094890 seconds.
Progress: 33850/35000
Elapsed time is 5818.512975 seconds.
********************************************************************
Expanding Domain...
Elapsed time is 5870.883247 seconds.
********************************************************************
Progress: 33900/35000
Elapsed time is 6794.796573 seconds.
Progress: 33950/35000
Elapsed time is 7730.978291 seconds.
Progress: 34000/35000
Elapsed time is 8677.209901 seconds.
Progress: 34050/35000
Elapsed time is 9628.301520 seconds.
Progress: 34100/35000
Elapsed time is 10572.499496 seconds.
Progress: 34150/35000
Elapsed time is 11510.716896 seconds.
Progress: 34200/35000
Elapsed time is 12455.400883 seconds.
Progress: 34250/35000
Elapsed time is 13399.229463 seconds.
Progress: 34300/35000
Elapsed time is 14341.442764 seconds.
Progress: 34350/35000
Elapsed time is 15284.613930 seconds.
Progress: 34400/35000
Elapsed time is 16231.285845 seconds.
Progress: 34450/35000
Elapsed time is 17179.740869 seconds.
Progress: 34500/35000
Elapsed time is 18124.456575 seconds.
Progress: 34550/35000
Elapsed time is 19065.040918 seconds.
********************************************************************
Expanding Domain...
Elapsed time is 19122.105399 seconds.
********************************************************************
Progress: 34600/35000
Elapsed time is 20134.969803 seconds.
Progress: 34650/35000
Elapsed time is 21165.115807 seconds.
Progress: 34700/35000
Elapsed time is 22192.167062 seconds.
Progress: 34750/35000
Elapsed time is 23220.691408 seconds.
Progress: 34800/35000
Elapsed time is 24249.713736 seconds.
Progress: 34850/35000
Elapsed time is 25272.535935 seconds.
Progress: 34900/35000
Elapsed time is 26301.649326 seconds.
Progress: 34950/35000
Elapsed time is 27327.901825 seconds.
Progress: 35000/35000
Elapsed time is 28362.438543 seconds.
All simulations complete!\n
