
                            < M A T L A B (R) >
                  Copyright 1984-2021 The MathWorks, Inc.
             R2021a Update 1 (9.10.0.1649659) 64-bit (glnxa64)
                               April 13, 2021

 
To get started, type doc.
For product information, visit www.mathworks.com.
 
********************************************************************
2D Phase-field Neuron Growth solver using IGA-Collocation
********************************************************************
 Simulation Parameter Initialization - Done!
Iterating Variable Initialization - Done!
********************************************************************
Neuron Growth Stage Variable Initialization - Done!
********************************************************************
Starting Neuron Growth Model transient iterations...
Progress: 6550/35000
Elapsed time is 6587.631089 seconds.
Progress: 6600/35000
Elapsed time is 13330.730875 seconds.
Progress: 6650/35000
Elapsed time is 19753.685130 seconds.
Progress: 6700/35000
Elapsed time is 26198.307145 seconds.
Progress: 6750/35000
Elapsed time is 32596.790828 seconds.
Progress: 6800/35000
Elapsed time is 38967.111150 seconds.
********************************************************************
Expanding Domain...
Elapsed time is 39172.680975 seconds.
********************************************************************
Progress: 6850/35000
Elapsed time is 41846.319086 seconds.
Progress: 6900/35000
Elapsed time is 44568.167766 seconds.
Progress: 6950/35000
Elapsed time is 47265.395223 seconds.
Progress: 7000/35000
Elapsed time is 49973.723521 seconds.
Progress: 7050/35000
Elapsed time is 52656.083165 seconds.
Progress: 7100/35000
Elapsed time is 55369.530845 seconds.
Progress: 7150/35000
Elapsed time is 58053.465155 seconds.
********************************************************************
Expanding Domain...
Elapsed time is 58186.918328 seconds.
********************************************************************
Progress: 7200/35000
Elapsed time is 61016.129826 seconds.
Progress: 7250/35000
Elapsed time is 63908.431830 seconds.
Progress: 7300/35000
Elapsed time is 66463.980276 seconds.
Progress: 7350/35000
Elapsed time is 68927.071254 seconds.
Progress: 7400/35000
Elapsed time is 71436.532956 seconds.
Progress: 7450/35000
Elapsed time is 73914.726676 seconds.
Progress: 7500/35000
Elapsed time is 76387.113274 seconds.
Progress: 7550/35000
Elapsed time is 78898.403241 seconds.
